2025-09-29 16:11:15,527 - INFO - Signal: []
2025-09-29 16:11:15,534 - INFO - Signal: []
2025-09-29 16:11:15,540 - INFO - Signal: []
2025-09-29 16:11:15,551 - INFO - Signal: []
2025-09-29 16:11:15,556 - INFO - Signal: []
2025-09-29 16:11:15,561 - INFO - Signal: []
2025-09-29 16:11:15,568 - INFO - Signal: ['EMA Bearish']
2025-09-29 16:11:15,576 - INFO - Signal: []
2025-09-29 16:11:15,583 - INFO - Signal: []
2025-09-29 16:11:15,589 - INFO - Signal: []
2025-09-29 16:11:15,594 - INFO - Signal: ['EMA Bearish', 'MACD Bearish', 'Stochastic Bearish']
2025-09-29 16:11:15,595 - INFO - SELL at 202.6938 (size: 4.93, SL: 208.2880, TP: 195.2350)
2025-09-29 16:11:15,599 - INFO - Signal: ['EMA Bearish', 'MACD Bearish', 'Stochastic Bearish']
2025-09-29 16:11:15,599 - INFO - SELL at 187.9200 (size: 4.79, SL: 195.0426, TP: 178.4233)
2025-09-29 16:11:15,603 - INFO - Signal: ['EMA Bearish', 'MACD Bearish', 'Stochastic Bearish']
2025-09-29 16:11:15,607 - INFO - Signal: ['EMA Bearish', 'MACD Bearish']
2025-09-29 16:11:15,610 - INFO - Signal: ['EMA Bearish', 'MACD Bearish']
2025-09-29 16:11:15,613 - INFO - Signal: []
2025-09-29 16:11:15,618 - INFO - Signal: []
2025-09-29 16:11:15,622 - INFO - Signal: []
2025-09-29 16:11:15,625 - INFO - Signal: []
2025-09-29 16:11:15,628 - INFO - Signal: []
2025-09-29 16:11:15,633 - INFO - Signal: ['EMA Bearish', 'Stochastic Bearish']
2025-09-29 16:11:15,636 - INFO - Signal: ['EMA Bearish', 'Stochastic Bearish']
2025-09-29 16:11:15,639 - INFO - Signal: []
2025-09-29 16:11:15,642 - INFO - Signal: []
2025-09-29 16:11:15,645 - INFO - Signal: []
2025-09-29 16:11:15,651 - INFO - Signal: []
2025-09-29 16:11:15,654 - INFO - Signal: []
2025-09-29 16:11:15,658 - INFO - Signal: []
2025-09-29 16:11:15,662 - INFO - Signal: []
2025-09-29 16:11:15,667 - INFO - Signal: []
2025-09-29 16:11:15,671 - INFO - Signal: []
2025-09-29 16:11:15,674 - INFO - Signal: ['EMA Bearish', 'Stochastic Bearish']
2025-09-29 16:11:15,677 - INFO - Signal: ['EMA Bearish', 'Stochastic Bearish']
2025-09-29 16:11:15,682 - INFO - Signal: ['EMA Bearish', 'Stochastic Bearish']
2025-09-29 16:11:15,686 - INFO - Signal: ['EMA Bearish', 'MACD Bearish', 'Stochastic Bearish']
2025-09-29 16:11:15,686 - INFO - SELL at 197.0078 (size: 5.00, SL: 201.5278, TP: 190.9811)
2025-09-29 16:11:15,689 - INFO - Signal: ['EMA Bearish', 'MACD Bearish', 'Stochastic Bearish']
2025-09-29 16:11:15,692 - INFO - Signal: []
2025-09-29 16:11:15,695 - INFO - Signal: []
2025-09-29 16:11:15,701 - INFO - Signal: []
2025-09-29 16:11:15,705 - INFO - Signal: []
2025-09-29 16:11:15,708 - INFO - Signal: []
2025-09-29 16:11:15,711 - INFO - Signal: []
2025-09-29 16:11:15,716 - INFO - Signal: []
2025-09-29 16:11:15,720 - INFO - Signal: []
2025-09-29 16:11:15,724 - INFO - Signal: []
2025-09-29 16:11:15,727 - INFO - Signal: ['EMA Bearish', 'MACD Bearish', 'Stochastic Bearish']
2025-09-29 16:11:15,727 - INFO - SELL at 195.0486 (size: 5.09, SL: 199.0334, TP: 189.7356)
2025-09-29 16:11:15,732 - INFO - Signal: ['EMA Bearish', 'MACD Bearish', 'Stochastic Bearish']
2025-09-29 16:11:15,733 - INFO - SELL at 199.9830 (size: 4.46, SL: 204.4559, TP: 194.0192)
2025-09-29 16:11:15,737 - INFO - Signal: ['EMA Bearish', 'MACD Bearish', 'Stochastic Bearish']
2025-09-29 16:11:15,741 - INFO - Signal: []
2025-09-29 16:11:15,744 - INFO - Signal: []
2025-09-29 16:11:15,746 - INFO - Signal: []
2025-09-29 16:11:15,751 - INFO - Signal: []
2025-09-29 16:11:15,755 - INFO - Signal: []
2025-09-29 16:11:15,758 - INFO - Signal: []
2025-09-29 16:11:15,761 - INFO - Signal: []
2025-09-29 16:11:15,766 - INFO - Signal: ['EMA Bearish']
2025-09-29 16:11:15,770 - INFO - Signal: []
2025-09-29 16:11:15,774 - INFO - Signal: ['EMA Bearish', 'MACD Bearish']
2025-09-29 16:11:15,777 - INFO - Signal: ['EMA Bearish', 'MACD Bearish', 'Stochastic Bearish']
2025-09-29 16:11:15,782 - INFO - Signal: ['EMA Bearish', 'MACD Bearish', 'Stochastic Bearish']
2025-09-29 16:11:15,786 - INFO - Signal: ['EMA Bearish', 'MACD Bearish', 'Stochastic Bearish']
2025-09-29 16:11:15,789 - INFO - Signal: ['EMA Bearish', 'MACD Bearish', 'Stochastic Bearish']
2025-09-29 16:11:15,793 - INFO - Signal: ['EMA Bearish', 'MACD Bearish']
2025-09-29 16:11:15,797 - INFO - Signal: []
2025-09-29 16:11:15,802 - INFO - Signal: []
2025-09-29 16:11:15,806 - INFO - Signal: []
2025-09-29 16:11:15,809 - INFO - Signal: []
2025-09-29 16:11:15,813 - INFO - Signal: []
2025-09-29 16:11:15,819 - INFO - Signal: []
2025-09-29 16:11:15,824 - INFO - Signal: []
2025-09-29 16:11:15,828 - INFO - Signal: []
2025-09-29 16:11:15,833 - INFO - Signal: []
2025-09-29 16:11:15,838 - INFO - Signal: []
2025-09-29 16:11:15,841 - INFO - Signal: []
2025-09-29 16:11:15,845 - INFO - Signal: []
2025-09-29 16:11:15,852 - INFO - Signal: ['EMA Bullish', 'MACD Bullish']
2025-09-29 16:11:15,856 - INFO - Signal: ['EMA Bullish', 'MACD Bullish']
2025-09-29 16:11:15,860 - INFO - Signal: ['EMA Bullish', 'MACD Bullish']
2025-09-29 16:11:15,865 - INFO - Signal: ['EMA Bullish', 'MACD Bullish']
2025-09-29 16:11:15,870 - INFO - Signal: ['EMA Bullish', 'MACD Bullish']
2025-09-29 16:11:15,874 - INFO - Signal: ['EMA Bullish', 'MACD Bullish']
2025-09-29 16:11:15,878 - INFO - Signal: ['EMA Bullish', 'MACD Bullish', 'Stochastic Bullish']
2025-09-29 16:11:15,878 - INFO - BUY at 209.7819 (size: 4.75, SL: 207.2048, TP: 213.2180)
2025-09-29 16:11:15,884 - INFO - Signal: ['EMA Bullish', 'MACD Bullish', 'Stochastic Bullish']
2025-09-29 16:11:15,888 - INFO - Signal: ['EMA Bullish', 'MACD Bullish', 'Stochastic Bullish']
2025-09-29 16:11:15,892 - INFO - Signal: ['EMA Bullish', 'MACD Bullish', 'Stochastic Bullish']
2025-09-29 16:11:15,892 - INFO - BUY at 214.1570 (size: 4.19, SL: 211.8410, TP: 217.2449)
2025-09-29 16:11:15,895 - INFO - Signal: ['EMA Bullish', 'MACD Bullish']
2025-09-29 16:11:15,901 - INFO - Signal: ['EMA Bullish', 'MACD Bullish']
2025-09-29 16:11:15,905 - INFO - Signal: ['EMA Bullish', 'MACD Bullish']
2025-09-29 16:11:15,908 - INFO - Signal: ['EMA Bullish', 'MACD Bullish']
2025-09-29 16:11:15,912 - INFO - Signal: []
2025-09-29 16:11:15,917 - INFO - Signal: []
2025-09-29 16:11:15,921 - INFO - Signal: []
2025-09-29 16:11:15,924 - INFO - Signal: []
2025-09-29 16:11:15,927 - INFO - Signal: []
2025-09-29 16:11:15,933 - INFO - Signal: []
2025-09-29 16:11:15,937 - INFO - Signal: []
2025-09-29 16:11:15,941 - INFO - Signal: ['EMA Bullish', 'MACD Bullish', 'Stochastic Bullish']
2025-09-29 16:11:15,942 - INFO - BUY at 219.7806 (size: 4.54, SL: 216.1065, TP: 224.6793)
2025-09-29 16:11:15,945 - INFO - Signal: ['EMA Bullish', 'MACD Bullish', 'Stochastic Bullish']
2025-09-29 16:11:15,946 - INFO - BUY at 229.0900 (size: 3.92, SL: 224.5576, TP: 235.1332)
2025-09-29 16:11:15,950 - INFO - Signal: ['EMA Bullish', 'MACD Bullish']
2025-09-29 16:11:15,954 - INFO - Signal: ['EMA Bullish', 'MACD Bullish']
2025-09-29 16:11:15,957 - INFO - Signal: ['EMA Bullish', 'MACD Bullish']
2025-09-29 16:11:15,960 - INFO - Signal: ['EMA Bullish', 'MACD Bullish']
2025-09-29 16:11:15,965 - INFO - Signal: ['EMA Bullish', 'MACD Bullish']
2025-09-29 16:11:15,969 - INFO - Signal: ['EMA Bullish', 'MACD Bullish']
2025-09-29 16:11:15,972 - INFO - Signal: ['EMA Bullish', 'MACD Bullish']
2025-09-29 16:11:15,976 - INFO - Signal: ['EMA Bullish', 'MACD Bullish']
2025-09-29 16:11:15,980 - INFO - Signal: []
2025-09-29 16:11:15,985 - INFO - Signal: ['EMA Bullish', 'MACD Bullish']
2025-09-29 16:11:15,988 - INFO - Signal: ['EMA Bullish']
2025-09-29 16:11:15,992 - INFO - Signal: ['EMA Bullish']
2025-09-29 16:11:15,995 - INFO - Signal: ['EMA Bullish']
2025-09-29 16:11:16,000 - INFO - Signal: ['EMA Bullish', 'Stochastic Bullish']
2025-09-29 16:11:16,004 - INFO - Signal: ['EMA Bullish', 'Stochastic Bullish']
2025-09-29 16:11:16,007 - INFO - Signal: ['EMA Bullish']
2025-09-29 16:11:16,011 - INFO - Signal: ['EMA Bullish', 'MACD Bullish']
2025-09-29 16:11:16,017 - INFO - Signal: ['EMA Bullish', 'MACD Bullish']
2025-09-29 16:11:16,020 - INFO - Signal: ['EMA Bullish', 'MACD Bullish']
2025-09-29 16:11:16,024 - INFO - Signal: ['EMA Bullish', 'MACD Bullish']
2025-09-29 16:11:16,027 - INFO - Signal: ['EMA Bullish', 'MACD Bullish']
2025-09-29 16:11:16,032 - INFO - Signal: []
2025-09-29 16:11:16,036 - INFO - Signal: []
2025-09-29 16:11:16,039 - INFO - Signal: ['EMA Bullish']
2025-09-29 16:11:16,042 - INFO - Signal: ['EMA Bullish', 'Stochastic Bullish']
2025-09-29 16:11:16,046 - INFO - Signal: ['EMA Bullish', 'Stochastic Bullish']
2025-09-29 16:11:16,051 - INFO - Signal: ['EMA Bullish', 'Stochastic Bullish']
2025-09-29 16:11:16,055 - INFO - Signal: ['EMA Bullish']
2025-09-29 16:11:16,058 - INFO - Signal: ['EMA Bullish', 'MACD Bullish']
2025-09-29 16:11:16,061 - INFO - Signal: ['EMA Bullish', 'MACD Bullish']
2025-09-29 16:11:16,067 - INFO - Signal: ['EMA Bullish', 'MACD Bullish']
2025-09-29 16:11:16,071 - INFO - Signal: ['EMA Bullish', 'MACD Bullish']
2025-09-29 16:11:16,074 - INFO - Signal: ['EMA Bullish', 'MACD Bullish']
2025-09-29 16:11:16,077 - INFO - Signal: ['EMA Bullish', 'MACD Bullish']
